INFO  [main] 2021-10-05 18:13:15,879 YamlConfigurationLoader.java:93 - Configuration location: file:/etc/cassandra/cassandra.yaml
INFO  [main] 2021-10-05 18:13:17,632 Config.java:691 - Node configuration:[allocate_tokens_for_keyspace=null; allocate_tokens_for_local_replication_factor=3; audit_logging_options=AuditLogOptions{enabled=false, logger='BinAuditLogger', included_keyspaces='', excluded_keyspaces='system,system_schema,system_virtual_schema', included_categories='', excluded_categories='', included_users='', excluded_users='', audit_logs_dir='/opt/cassandra/logs/audit/', archive_command='', roll_cycle='HOURLY', block=true, max_queue_weight=268435456, max_log_size=17179869184}; authenticator=AllowAllAuthenticator; authorizer=AllowAllAuthorizer; auto_bootstrap=true; auto_optimise_full_repair_streams=false; auto_optimise_inc_repair_streams=false; auto_optimise_preview_repair_streams=false; auto_snapshot=true; autocompaction_on_startup_enabled=true; automatic_sstable_upgrade=false; back_pressure_enabled=false; back_pressure_strategy=null; batch_size_fail_threshold_in_kb=50; batch_size_warn_threshold_in_kb=5; batchlog_replay_throttle_in_kb=1024; block_for_peers_in_remote_dcs=false; block_for_peers_timeout_in_secs=10; broadcast_address=172.30.0.3; broadcast_rpc_address=172.30.0.3; buffer_pool_use_heap_if_exhausted=false; cas_contention_timeout_in_ms=1000; cdc_enabled=false; cdc_free_space_check_interval_ms=250; cdc_raw_directory=null; cdc_total_space_in_mb=0; check_for_duplicate_rows_during_compaction=true; check_for_duplicate_rows_during_reads=true; client_encryption_options=<REDACTED>; cluster_name=Test Cluster; column_index_cache_size_in_kb=2; column_index_size_in_kb=64; commit_failure_policy=stop; commitlog_compression=null; commitlog_directory=null; commitlog_max_compression_buffers_in_pool=3; commitlog_periodic_queue_size=-1; commitlog_segment_size_in_mb=32; commitlog_sync=periodic; commitlog_sync_batch_window_in_ms=NaN; commitlog_sync_group_window_in_ms=NaN; commitlog_sync_period_in_ms=10000; commitlog_total_space_in_mb=null; compaction_large_partition_warning_threshold_mb=100; compaction_throughput_mb_per_sec=64; concurrent_compactors=null; concurrent_counter_writes=32; concurrent_materialized_view_builders=1; concurrent_materialized_view_writes=32; concurrent_reads=32; concurrent_replicates=null; concurrent_validations=0; concurrent_writes=32; consecutive_message_errors_threshold=1; corrupted_tombstone_strategy=disabled; counter_cache_keys_to_save=2147483647; counter_cache_save_period=7200; counter_cache_size_in_mb=null; counter_write_request_timeout_in_ms=5000; credentials_cache_max_entries=1000; credentials_update_interval_in_ms=-1; credentials_validity_in_ms=2000; cross_node_timeout=true; data_file_directories=[Ljava.lang.String;@127e70c5; diagnostic_events_enabled=false; disk_access_mode=auto; disk_failure_policy=stop; disk_optimization_estimate_percentile=0.95; disk_optimization_page_cross_chance=0.1; disk_optimization_strategy=ssd; dynamic_snitch=true; dynamic_snitch_badness_threshold=1.0; dynamic_snitch_reset_interval_in_ms=600000; dynamic_snitch_update_interval_in_ms=100; enable_drop_compact_storage=false; enable_materialized_views=false; enable_sasi_indexes=false; enable_scripted_user_defined_functions=false; enable_transient_replication=false; enable_user_defined_functions=false; enable_user_defined_functions_threads=true; endpoint_snitch=SimpleSnitch; file_cache_enabled=false; file_cache_round_up=null; file_cache_size_in_mb=null; flush_compression=fast; full_query_logging_options=FullQueryLoggerOptions{log_dir='', archive_command='', roll_cycle='HOURLY', block=true, max_queue_weight=268435456, max_log_size=17179869184}; gc_log_threshold_in_ms=200; gc_warn_threshold_in_ms=1000; hinted_handoff_disabled_datacenters=[]; hinted_handoff_enabled=true; hinted_handoff_throttle_in_kb=1024; hints_compression=null; hints_directory=null; hints_flush_period_in_ms=10000; ideal_consistency_level=null; incremental_backups=false; index_summary_capacity_in_mb=null; index_summary_resize_interval_in_minutes=60; initial_range_tombstone_list_allocation_size=1; initial_token=null; inter_dc_stream_throughput_outbound_megabits_per_sec=200; inter_dc_tcp_nodelay=false; internode_application_receive_queue_capacity_in_bytes=4194304; internode_application_receive_queue_reserve_endpoint_capacity_in_bytes=134217728; internode_application_receive_queue_reserve_global_capacity_in_bytes=536870912; internode_application_send_queue_capacity_in_bytes=4194304; internode_application_send_queue_reserve_endpoint_capacity_in_bytes=134217728; internode_application_send_queue_reserve_global_capacity_in_bytes=536870912; internode_authenticator=null; internode_compression=dc; internode_max_message_size_in_bytes=null; internode_socket_receive_buffer_size_in_bytes=0; internode_socket_send_buffer_size_in_bytes=0; internode_streaming_tcp_user_timeout_in_ms=300000; internode_tcp_connect_timeout_in_ms=2000; internode_tcp_user_timeout_in_ms=30000; key_cache_keys_to_save=2147483647; key_cache_migrate_during_compaction=true; key_cache_save_period=14400; key_cache_size_in_mb=null; keyspace_count_warn_threshold=40; listen_address=172.30.0.3; listen_interface=null; listen_interface_prefer_ipv6=false; listen_on_broadcast_address=false; local_system_data_file_directory=null; max_concurrent_automatic_sstable_upgrades=1; max_hint_window_in_ms=10800000; max_hints_delivery_threads=2; max_hints_file_size_in_mb=128; max_mutation_size_in_kb=null; max_streaming_retries=3; max_value_size_in_mb=256; memtable_allocation_type=heap_buffers; memtable_cleanup_threshold=null; memtable_flush_writers=0; memtable_heap_space_in_mb=null; memtable_offheap_space_in_mb=null; min_free_space_per_drive_in_mb=50; native_transport_allow_older_protocols=true; native_transport_flush_in_batches_legacy=false; native_transport_idle_timeout_in_ms=0; native_transport_max_concurrent_connections=-1; native_transport_max_concurrent_connections_per_ip=-1; native_transport_max_concurrent_requests_in_bytes=-1; native_transport_max_concurrent_requests_in_bytes_per_ip=-1; native_transport_max_frame_size_in_mb=256; native_transport_max_negotiable_protocol_version=null; native_transport_max_threads=128; native_transport_port=9042; native_transport_port_ssl=null; native_transport_receive_queue_capacity_in_bytes=1048576; network_authorizer=AllowAllNetworkAuthorizer; networking_cache_size_in_mb=null; num_tokens=16; otc_coalescing_enough_coalesced_messages=8; otc_coalescing_strategy=DISABLED; otc_coalescing_window_us=200; partitioner=org.apache.cassandra.dht.Murmur3Partitioner; periodic_commitlog_sync_lag_block_in_ms=null; permissions_cache_max_entries=1000; permissions_update_interval_in_ms=-1; permissions_validity_in_ms=2000; phi_convict_threshold=8.0; prepared_statements_cache_size_mb=null; range_request_timeout_in_ms=10000; range_tombstone_list_growth_factor=1.5; read_request_timeout_in_ms=5000; reject_repair_compaction_threshold=2147483647; repair_command_pool_full_strategy=queue; repair_command_pool_size=0; repair_session_max_tree_depth=null; repair_session_space_in_mb=null; repaired_data_tracking_for_partition_reads_enabled=false; repaired_data_tracking_for_range_reads_enabled=false; report_unconfirmed_repaired_data_mismatches=false; request_timeout_in_ms=10000; role_manager=CassandraRoleManager; roles_cache_max_entries=1000; roles_update_interval_in_ms=-1; roles_validity_in_ms=2000; row_cache_class_name=org.apache.cassandra.cache.OHCProvider; row_cache_keys_to_save=2147483647; row_cache_save_period=0; row_cache_size_in_mb=0; rpc_address=0.0.0.0; rpc_interface=null; rpc_interface_prefer_ipv6=false; rpc_keepalive=true; saved_caches_directory=null; seed_provider=org.apache.cassandra.locator.SimpleSeedProvider{seeds=172.30.0.3}; server_encryption_options=<REDACTED>; slow_query_log_timeout_in_ms=500; snapshot_before_compaction=false; snapshot_links_per_second=0; snapshot_on_duplicate_row_detection=false; snapshot_on_repaired_data_mismatch=false; ssl_storage_port=7001; sstable_preemptive_open_interval_in_mb=50; start_native_transport=true; storage_port=7000; stream_entire_sstables=true; stream_throughput_outbound_megabits_per_sec=200; streaming_connections_per_host=1; streaming_keep_alive_period_in_secs=300; table_count_warn_threshold=150; tombstone_failure_threshold=100000; tombstone_warn_threshold=1000; tracetype_query_ttl=86400; tracetype_repair_ttl=604800; transparent_data_encryption_options=org.apache.cassandra.config.TransparentDataEncryptionOptions@5910de75; trickle_fsync=false; trickle_fsync_interval_in_kb=10240; truncate_request_timeout_in_ms=60000; unlogged_batch_across_partitions_warn_threshold=10; use_offheap_merkle_trees=true; user_defined_function_fail_timeout=1500; user_defined_function_warn_timeout=500; user_function_timeout_policy=die; validation_preview_purge_head_start_in_sec=3600; windows_timer_interval=1; write_request_timeout_in_ms=2000]
INFO  [main] 2021-10-05 18:13:17,649 DatabaseDescriptor.java:416 - DiskAccessMode 'auto' determined to be mmap, indexAccessMode is mmap
INFO  [main] 2021-10-05 18:13:17,653 DatabaseDescriptor.java:477 - Global memtable on-heap threshold is enabled at 606MB
INFO  [main] 2021-10-05 18:13:17,655 DatabaseDescriptor.java:481 - Global memtable off-heap threshold is enabled at 606MB
INFO  [main] 2021-10-05 18:13:18,196 JMXServerUtils.java:271 - Configured JMX server at: service:jmx:rmi://127.0.0.1/jndi/rmi://127.0.0.1:7199/jmxrmi
INFO  [main] 2021-10-05 18:13:18,228 CassandraDaemon.java:623 - Hostname: e55f33feff33:7000:7001
INFO  [main] 2021-10-05 18:13:18,229 CassandraDaemon.java:630 - JVM vendor/version: OpenJDK 64-Bit Server VM/11.0.12
INFO  [main] 2021-10-05 18:13:18,233 CassandraDaemon.java:631 - Heap size: 2.371GiB/2.371GiB
INFO  [main] 2021-10-05 18:13:18,241 CassandraDaemon.java:636 - CodeHeap 'non-nmethods' Non-heap memory: init = 2555904(2496K) used = 1281024(1251K) committed = 2555904(2496K) max = 5836800(5700K)
INFO  [main] 2021-10-05 18:13:18,314 CassandraDaemon.java:636 - Metaspace Non-heap memory: init = 0(0K) used = 28227808(27566K) committed = 29138944(28456K) max = -1(-1K)
INFO  [main] 2021-10-05 18:13:18,315 CassandraDaemon.java:636 - CodeHeap 'profiled nmethods' Non-heap memory: init = 2555904(2496K) used = 4803328(4690K) committed = 4849664(4736K) max = 122908672(120028K)
INFO  [main] 2021-10-05 18:13:18,316 CassandraDaemon.java:636 - Compressed Class Space Non-heap memory: init = 0(0K) used = 3218960(3143K) committed = 3559424(3476K) max = 1073741824(1048576K)
INFO  [main] 2021-10-05 18:13:18,317 CassandraDaemon.java:636 - Par Eden Space Heap memory: init = 521797632(509568K) used = 187855952(183453K) committed = 521797632(509568K) max = 521797632(509568K)
INFO  [main] 2021-10-05 18:13:18,319 CassandraDaemon.java:636 - Par Survivor Space Heap memory: init = 65208320(63680K) used = 0(0K) committed = 65208320(63680K) max = 65208320(63680K)
INFO  [main] 2021-10-05 18:13:18,321 CassandraDaemon.java:636 - CodeHeap 'non-profiled nmethods' Non-heap memory: init = 2555904(2496K) used = 814208(795K) committed = 2555904(2496K) max = 122912768(120032K)
INFO  [main] 2021-10-05 18:13:18,322 CassandraDaemon.java:636 - CMS Old Gen Heap memory: init = 1958739968(1912832K) used = 0(0K) committed = 1958739968(1912832K) max = 1958739968(1912832K)
INFO  [main] 2021-10-05 18:13:18,324 CassandraDaemon.java:638 - Classpath: /etc/cassandra:/opt/cassandra/lib/HdrHistogram-2.1.9.jar:/opt/cassandra/lib/ST4-4.0.8.jar:/opt/cassandra/lib/airline-0.8.jar:/opt/cassandra/lib/antlr-runtime-3.5.2.jar:/opt/cassandra/lib/apache-cassandra-4.0.1.jar:/opt/cassandra/lib/asm-7.1.jar:/opt/cassandra/lib/caffeine-2.3.5.jar:/opt/cassandra/lib/cassandra-driver-core-3.11.0-shaded.jar:/opt/cassandra/lib/chronicle-bytes-2.20.111.jar:/opt/cassandra/lib/chronicle-core-2.20.126.jar:/opt/cassandra/lib/chronicle-queue-5.20.123.jar:/opt/cassandra/lib/chronicle-threads-2.20.111.jar:/opt/cassandra/lib/chronicle-wire-2.20.117.jar:/opt/cassandra/lib/commons-cli-1.1.jar:/opt/cassandra/lib/commons-codec-1.9.jar:/opt/cassandra/lib/commons-lang3-3.11.jar:/opt/cassandra/lib/commons-math3-3.2.jar:/opt/cassandra/lib/concurrent-trees-2.4.0.jar:/opt/cassandra/lib/ecj-4.6.1.jar:/opt/cassandra/lib/guava-27.0-jre.jar:/opt/cassandra/lib/high-scale-lib-1.0.6.jar:/opt/cassandra/lib/hppc-0.8.1.jar:/opt/cassandra/lib/j2objc-annotations-1.3.jar:/opt/cassandra/lib/jackson-annotations-2.9.10.jar:/opt/cassandra/lib/jackson-core-2.9.10.jar:/opt/cassandra/lib/jackson-databind-2.9.10.8.jar:/opt/cassandra/lib/jamm-0.3.2.jar:/opt/cassandra/lib/java-cup-runtime-11b-20160615.jar:/opt/cassandra/lib/javax.inject-1.jar:/opt/cassandra/lib/jbcrypt-0.3m.jar:/opt/cassandra/lib/jcl-over-slf4j-1.7.25.jar:/opt/cassandra/lib/jcommander-1.30.jar:/opt/cassandra/lib/jctools-core-3.1.0.jar:/opt/cassandra/lib/jflex-1.8.2.jar:/opt/cassandra/lib/jna-5.6.0.jar:/opt/cassandra/lib/json-simple-1.1.jar:/opt/cassandra/lib/jvm-attach-api-1.5.jar:/opt/cassandra/lib/log4j-over-slf4j-1.7.25.jar:/opt/cassandra/lib/logback-classic-1.2.3.jar:/opt/cassandra/lib/logback-core-1.2.3.jar:/opt/cassandra/lib/lz4-java-1.8.0.jar:/opt/cassandra/lib/metrics-core-3.1.5.jar:/opt/cassandra/lib/metrics-jvm-3.1.5.jar:/opt/cassandra/lib/metrics-logback-3.1.5.jar:/opt/cassandra/lib/mxdump-0.14.jar:/opt/cassandra/lib/netty-all-4.1.58.Final.jar:/opt/cassandra/lib/netty-tcnative-boringssl-static-2.0.36.Final.jar:/opt/cassandra/lib/ohc-core-0.5.1.jar:/opt/cassandra/lib/ohc-core-j8-0.5.1.jar:/opt/cassandra/lib/psjava-0.1.19.jar:/opt/cassandra/lib/reporter-config-base-3.0.3.jar:/opt/cassandra/lib/reporter-config3-3.0.3.jar:/opt/cassandra/lib/sigar-1.6.4.jar:/opt/cassandra/lib/sjk-cli-0.14.jar:/opt/cassandra/lib/sjk-core-0.14.jar:/opt/cassandra/lib/sjk-json-0.14.jar:/opt/cassandra/lib/sjk-stacktrace-0.14.jar:/opt/cassandra/lib/slf4j-api-1.7.25.jar:/opt/cassandra/lib/snakeyaml-1.26.jar:/opt/cassandra/lib/snappy-java-1.1.2.6.jar:/opt/cassandra/lib/snowball-stemmer-1.3.0.581.1.jar:/opt/cassandra/lib/stream-2.5.2.jar:/opt/cassandra/lib/zstd-jni-1.5.0-4.jar:/opt/cassandra/lib/jsr223/*/*.jar:
INFO  [main] 2021-10-05 18:13:18,326 CassandraDaemon.java:640 - JVM Arguments: [-ea, -da:net.openhft..., -XX:+UseThreadPriorities, -XX:+HeapDumpOnOutOfMemoryError, -Xss256k, -XX:+AlwaysPreTouch, -XX:-UseBiasedLocking, -XX:+UseTLAB, -XX:+ResizeTLAB, -XX:+UseNUMA, -XX:+PerfDisableSharedMem, -Djava.net.preferIPv4Stack=true, -XX:+UseConcMarkSweepGC, -XX:+CMSParallelRemarkEnabled, -XX:SurvivorRatio=8, -XX:MaxTenuringThreshold=1, -XX:CMSInitiatingOccupancyFraction=75, -XX:+UseCMSInitiatingOccupancyOnly, -XX:CMSWaitDuration=10000, -XX:+CMSParallelInitialMarkEnabled, -XX:+CMSEdenChunksRecordAlways, -XX:+CMSClassUnloadingEnabled, -Djdk.attach.allowAttachSelf=true, --add-exports=java.base/jdk.internal.misc=ALL-UNNAMED, --add-exports=java.base/jdk.internal.ref=ALL-UNNAMED, --add-exports=java.base/sun.nio.ch=ALL-UNNAMED, --add-exports=java.management.rmi/com.sun.jmx.remote.internal.rmi=ALL-UNNAMED, --add-exports=java.rmi/sun.rmi.registry=ALL-UNNAMED, --add-exports=java.rmi/sun.rmi.server=ALL-UNNAMED, --add-exports=java.sql/java.sql=ALL-UNNAMED, --add-opens=java.base/java.lang.module=ALL-UNNAMED, --add-opens=java.base/jdk.internal.loader=ALL-UNNAMED, --add-opens=java.base/jdk.internal.ref=ALL-UNNAMED, --add-opens=java.base/jdk.internal.reflect=ALL-UNNAMED, --add-opens=java.base/jdk.internal.math=ALL-UNNAMED, --add-opens=java.base/jdk.internal.module=ALL-UNNAMED, --add-opens=java.base/jdk.internal.util.jar=ALL-UNNAMED, --add-opens=jdk.management/com.sun.management.internal=ALL-UNNAMED, -Dio.netty.tryReflectionSetAccessible=true, -Xlog:gc=info,heap*=trace,age*=debug,safepoint=info,promotion*=trace:file=/opt/cassandra/logs/gc.log:time,uptime,pid,tid,level:filecount=10,filesize=10485760, -Xms2490M, -Xmx2490M, -Xmn622M, -XX:+UseCondCardMark, -XX:CompileCommandFile=/etc/cassandra/hotspot_compiler, -javaagent:/opt/cassandra/lib/jamm-0.3.2.jar, -Dcassandra.jmx.local.port=7199, -Dcom.sun.management.jmxremote.authenticate=false, -Dcom.sun.management.jmxremote.password.file=/etc/cassandra/jmxremote.password, -Djava.library.path=/opt/cassandra/lib/sigar-bin, -Dcassandra.libjemalloc=/usr/local/lib/libjemalloc.so, -XX:OnOutOfMemoryError=kill -9 %p, -Dlogback.configurationFile=logback.xml, -Dcassandra.logdir=/opt/cassandra/logs, -Dcassandra.storagedir=/opt/cassandra/data, -Dcassandra-foreground=yes]
WARN  [main] 2021-10-05 18:13:18,459 NativeLibrary.java:201 - Unable to lock JVM memory (ENOMEM). This can result in part of the JVM being swapped out, especially with mmapped I/O enabled. Increase RLIMIT_MEMLOCK.
INFO  [main] 2021-10-05 18:13:18,595 MonotonicClock.java:199 - Scheduling approximate time conversion task with an interval of 10000 milliseconds
INFO  [main] 2021-10-05 18:13:18,604 MonotonicClock.java:335 - Scheduling approximate time-check task with a precision of 2 milliseconds
INFO  [main] 2021-10-05 18:13:18,607 StartupChecks.java:147 - jemalloc seems to be preloaded from /usr/local/lib/libjemalloc.so
WARN  [main] 2021-10-05 18:13:18,609 StartupChecks.java:187 - JMX is not enabled to receive remote connections. Please see cassandra-env.sh for more info.
INFO  [main] 2021-10-05 18:13:18,625 SigarLibrary.java:44 - Initializing SIGAR library
WARN  [main] 2021-10-05 18:13:18,667 SigarLibrary.java:174 - Cassandra server running in degraded mode. Is swap disabled? : false,  Address space adequate? : true,  nofile limit adequate? : true, nproc limit adequate? : true 
WARN  [main] 2021-10-05 18:13:18,673 StartupChecks.java:329 - Maximum number of memory map areas per process (vm.max_map_count) 262144 is too low, recommended value: 1048575, you can change it with sysctl.
INFO  [main] 2021-10-05 18:13:20,324 Keyspace.java:386 - Creating replication strategy system params KeyspaceParams{durable_writes=true, replication=ReplicationParams{class=org.apache.cassandra.locator.LocalStrategy}}
INFO  [main] 2021-10-05 18:13:20,427 ColumnFamilyStore.java:385 - Initializing system.IndexInfo
INFO  [main] 2021-10-05 18:13:23,816 ColumnFamilyStore.java:385 - Initializing system.batches
INFO  [main] 2021-10-05 18:13:23,860 ColumnFamilyStore.java:385 - Initializing system.paxos
INFO  [main] 2021-10-05 18:13:23,909 ColumnFamilyStore.java:385 - Initializing system.local
INFO  [SSTableBatchOpen:1] 2021-10-05 18:13:24,002 BufferPools.java:49 - Global buffer pool limit is 512.000MiB for chunk-cache and 128.000MiB for networking
INFO  [SSTableBatchOpen:1] 2021-10-05 18:13:24,147 SSTableReaderBuilder.java:351 - Opening /var/lib/cassandra/data/system/local-7ad54392bcdd35a684174e047860b377/nb-64-big (0.047KiB)
INFO  [SSTableBatchOpen:2] 2021-10-05 18:13:24,147 SSTableReaderBuilder.java:351 - Opening /var/lib/cassandra/data/system/local-7ad54392bcdd35a684174e047860b377/nb-63-big (0.675KiB)
INFO  [main] 2021-10-05 18:13:24,205 CacheService.java:100 - Initializing key cache with capacity of 100 MBs.
INFO  [main] 2021-10-05 18:13:24,606 CacheService.java:122 - Initializing row cache with capacity of 0 MBs
INFO  [main] 2021-10-05 18:13:24,611 CacheService.java:151 - Initializing counter cache with capacity of 50 MBs
INFO  [main] 2021-10-05 18:13:24,614 CacheService.java:162 - Scheduling counter cache save to every 7200 seconds (going to save all keys).
INFO  [main] 2021-10-05 18:13:24,740 ColumnFamilyStore.java:385 - Initializing system.peers_v2
INFO  [main] 2021-10-05 18:13:24,780 ColumnFamilyStore.java:385 - Initializing system.peers
INFO  [main] 2021-10-05 18:13:24,822 ColumnFamilyStore.java:385 - Initializing system.peer_events_v2
INFO  [main] 2021-10-05 18:13:24,864 ColumnFamilyStore.java:385 - Initializing system.peer_events
INFO  [main] 2021-10-05 18:13:24,879 ColumnFamilyStore.java:385 - Initializing system.compaction_history
INFO  [SSTableBatchOpen:1] 2021-10-05 18:13:24,892 SSTableReaderBuilder.java:351 - Opening /var/lib/cassandra/data/system/compaction_history-b4dbb7b4dc493fb5b3bfce6e434832ca/nb-17-big (2.010KiB)
INFO  [SSTableBatchOpen:2] 2021-10-05 18:13:24,895 SSTableReaderBuilder.java:351 - Opening /var/lib/cassandra/data/system/compaction_history-b4dbb7b4dc493fb5b3bfce6e434832ca/nb-18-big (0.487KiB)
INFO  [main] 2021-10-05 18:13:24,936 ColumnFamilyStore.java:385 - Initializing system.sstable_activity
INFO  [SSTableBatchOpen:2] 2021-10-05 18:13:24,951 SSTableReaderBuilder.java:351 - Opening /var/lib/cassandra/data/system/sstable_activity-5a1ff267ace03f128563cfae6103c65e/nb-15-big (0.272KiB)
INFO  [SSTableBatchOpen:1] 2021-10-05 18:13:24,955 SSTableReaderBuilder.java:351 - Opening /var/lib/cassandra/data/system/sstable_activity-5a1ff267ace03f128563cfae6103c65e/nb-17-big (0.738KiB)
INFO  [SSTableBatchOpen:4] 2021-10-05 18:13:24,955 SSTableReaderBuilder.java:351 - Opening /var/lib/cassandra/data/system/sstable_activity-5a1ff267ace03f128563cfae6103c65e/nb-14-big (0.090KiB)
INFO  [SSTableBatchOpen:3] 2021-10-05 18:13:24,965 SSTableReaderBuilder.java:351 - Opening /var/lib/cassandra/data/system/sstable_activity-5a1ff267ace03f128563cfae6103c65e/nb-16-big (0.209KiB)
INFO  [main] 2021-10-05 18:13:25,022 ColumnFamilyStore.java:385 - Initializing system.size_estimates
INFO  [SSTableBatchOpen:2] 2021-10-05 18:13:25,033 SSTableReaderBuilder.java:351 - Opening /var/lib/cassandra/data/system/size_estimates-618f817b005f3678b8a453f3930b8e86/nb-18-big (2.372KiB)
INFO  [SSTableBatchOpen:1] 2021-10-05 18:13:25,033 SSTableReaderBuilder.java:351 - Opening /var/lib/cassandra/data/system/size_estimates-618f817b005f3678b8a453f3930b8e86/nb-17-big (2.370KiB)
INFO  [main] 2021-10-05 18:13:25,080 ColumnFamilyStore.java:385 - Initializing system.table_estimates
INFO  [SSTableBatchOpen:1] 2021-10-05 18:13:25,091 SSTableReaderBuilder.java:351 - Opening /var/lib/cassandra/data/system/table_estimates-176c39cdb93d33a5a2188eb06a56f66e/nb-18-big (5.007KiB)
INFO  [SSTableBatchOpen:2] 2021-10-05 18:13:25,099 SSTableReaderBuilder.java:351 - Opening /var/lib/cassandra/data/system/table_estimates-176c39cdb93d33a5a2188eb06a56f66e/nb-17-big (5.040KiB)
INFO  [main] 2021-10-05 18:13:25,149 ColumnFamilyStore.java:385 - Initializing system.available_ranges_v2
INFO  [main] 2021-10-05 18:13:25,174 ColumnFamilyStore.java:385 - Initializing system.available_ranges
INFO  [main] 2021-10-05 18:13:25,206 ColumnFamilyStore.java:385 - Initializing system.transferred_ranges_v2
INFO  [main] 2021-10-05 18:13:25,245 ColumnFamilyStore.java:385 - Initializing system.transferred_ranges
INFO  [main] 2021-10-05 18:13:25,294 ColumnFamilyStore.java:385 - Initializing system.view_builds_in_progress
INFO  [main] 2021-10-05 18:13:25,320 ColumnFamilyStore.java:385 - Initializing system.built_views
INFO  [main] 2021-10-05 18:13:25,348 ColumnFamilyStore.java:385 - Initializing system.prepared_statements
INFO  [main] 2021-10-05 18:13:25,377 ColumnFamilyStore.java:385 - Initializing system.repairs
INFO  [main] 2021-10-05 18:13:25,423 QueryProcessor.java:106 - Initialized prepared statement caches with 10 MB
INFO  [main] 2021-10-05 18:13:25,746 Keyspace.java:386 - Creating replication strategy system_schema params KeyspaceParams{durable_writes=true, replication=ReplicationParams{class=org.apache.cassandra.locator.LocalStrategy}}
INFO  [main] 2021-10-05 18:13:25,765 ColumnFamilyStore.java:385 - Initializing system_schema.keyspaces
INFO  [SSTableBatchOpen:1] 2021-10-05 18:13:25,779 SSTableReaderBuilder.java:351 - Opening /var/lib/cassandra/data/system_schema/keyspaces-abac5682dea631c5b535b3d6cffd0fb6/nb-17-big (0.251KiB)
INFO  [main] 2021-10-05 18:13:25,819 ColumnFamilyStore.java:385 - Initializing system_schema.tables
INFO  [SSTableBatchOpen:1] 2021-10-05 18:13:25,834 SSTableReaderBuilder.java:351 - Opening /var/lib/cassandra/data/system_schema/tables-afddfb9dbc1e30688056eed6c302ba09/nb-17-big (3.251KiB)
INFO  [main] 2021-10-05 18:13:25,882 ColumnFamilyStore.java:385 - Initializing system_schema.columns
INFO  [SSTableBatchOpen:1] 2021-10-05 18:13:25,897 SSTableReaderBuilder.java:351 - Opening /var/lib/cassandra/data/system_schema/columns-24101c25a2ae3af787c1b40ee1aca33f/nb-17-big (6.780KiB)
INFO  [main] 2021-10-05 18:13:25,932 ColumnFamilyStore.java:385 - Initializing system_schema.triggers
INFO  [SSTableBatchOpen:1] 2021-10-05 18:13:25,940 SSTableReaderBuilder.java:351 - Opening /var/lib/cassandra/data/system_schema/triggers-4df70b666b05325195a132b54005fd48/nb-17-big (0.059KiB)
INFO  [main] 2021-10-05 18:13:25,962 ColumnFamilyStore.java:385 - Initializing system_schema.dropped_columns
INFO  [SSTableBatchOpen:1] 2021-10-05 18:13:25,971 SSTableReaderBuilder.java:351 - Opening /var/lib/cassandra/data/system_schema/dropped_columns-5e7583b5f3f43af19a39b7e1d6f5f11f/nb-17-big (0.109KiB)
INFO  [main] 2021-10-05 18:13:26,000 ColumnFamilyStore.java:385 - Initializing system_schema.views
INFO  [SSTableBatchOpen:1] 2021-10-05 18:13:26,009 SSTableReaderBuilder.java:351 - Opening /var/lib/cassandra/data/system_schema/views-9786ac1cdd583201a7cdad556410c985/nb-17-big (0.059KiB)
INFO  [main] 2021-10-05 18:13:26,034 ColumnFamilyStore.java:385 - Initializing system_schema.types
INFO  [SSTableBatchOpen:1] 2021-10-05 18:13:26,043 SSTableReaderBuilder.java:351 - Opening /var/lib/cassandra/data/system_schema/types-5a8b1ca866023f77a0459273d308917a/nb-17-big (0.059KiB)
INFO  [main] 2021-10-05 18:13:26,069 ColumnFamilyStore.java:385 - Initializing system_schema.functions
INFO  [SSTableBatchOpen:1] 2021-10-05 18:13:26,079 SSTableReaderBuilder.java:351 - Opening /var/lib/cassandra/data/system_schema/functions-96489b7980be3e14a70166a0b9159450/nb-17-big (0.059KiB)
INFO  [main] 2021-10-05 18:13:26,110 ColumnFamilyStore.java:385 - Initializing system_schema.aggregates
INFO  [SSTableBatchOpen:1] 2021-10-05 18:13:26,119 SSTableReaderBuilder.java:351 - Opening /var/lib/cassandra/data/system_schema/aggregates-924c55872e3a345bb10c12f37c1ba895/nb-17-big (0.059KiB)
INFO  [main] 2021-10-05 18:13:26,140 ColumnFamilyStore.java:385 - Initializing system_schema.indexes
INFO  [SSTableBatchOpen:1] 2021-10-05 18:13:26,147 SSTableReaderBuilder.java:351 - Opening /var/lib/cassandra/data/system_schema/indexes-0feb57ac311f382fba6d9024d305702f/nb-17-big (0.059KiB)
INFO  [main] 2021-10-05 18:13:26,237 SystemKeyspaceMigrator40.java:76 - system.peers_v2 table was empty, migrating legacy system.peers, if this fails you should fix the issue and then truncate system.peers_v2 to have it try again.
INFO  [main] 2021-10-05 18:13:26,248 SystemKeyspaceMigrator40.java:100 - Migrating rows from legacy system.peers to system.peers_v2
INFO  [main] 2021-10-05 18:13:26,254 SystemKeyspaceMigrator40.java:119 - Migrated 0 rows from legacy system.peers to system.peers_v2
INFO  [main] 2021-10-05 18:13:26,256 SystemKeyspaceMigrator40.java:129 - system.peer_events_v2 table was empty, migrating legacy system.peer_events to system.peer_events_v2
INFO  [main] 2021-10-05 18:13:26,257 SystemKeyspaceMigrator40.java:152 - Migrated 0 rows from legacy system.peer_events to system.peer_events_v2
INFO  [main] 2021-10-05 18:13:26,258 SystemKeyspaceMigrator40.java:162 - system.transferred_ranges_v2 table was empty, migrating legacy system.transferred_ranges to system.transferred_ranges_v2
INFO  [main] 2021-10-05 18:13:26,262 SystemKeyspaceMigrator40.java:190 - Migrated 0 rows from legacy system.transferred_ranges to system.transferred_ranges_v2
INFO  [main] 2021-10-05 18:13:26,263 SystemKeyspaceMigrator40.java:200 - system.available_ranges_v2 table was empty, migrating legacy system.available_ranges to system.available_ranges_v2
INFO  [main] 2021-10-05 18:13:26,265 SystemKeyspaceMigrator40.java:226 - Migrated 0 rows from legacy system.available_ranges to system.available_ranges_v2
INFO  [main] 2021-10-05 18:13:26,266 StorageService.java:836 - Populating token metadata from system tables
INFO  [main] 2021-10-05 18:13:26,292 StorageService.java:830 - Token metadata: Normal Tokens:
/172.30.0.3:7000:[-7997493016317077312, -7019347563800963236, -5240713262977376107, -4144671362742437818, -3053374252050225558, -2208997604559063802, -768729374656480563, 302771241683552249, 1320622646425979264, 2138294579038330059, 3214050460263909598, 3949966152974803239, 5029338960422404897, 6272858966102996869, 7240223209181532368, 8830227761695431006]

INFO  [main] 2021-10-05 18:13:26,623 Keyspace.java:386 - Creating replication strategy system_auth params KeyspaceParams{durable_writes=true, replication=ReplicationParams{class=org.apache.cassandra.locator.SimpleStrategy, replication_factor=1}}
INFO  [main] 2021-10-05 18:13:26,636 ColumnFamilyStore.java:385 - Initializing system_auth.network_permissions
INFO  [main] 2021-10-05 18:13:26,679 ColumnFamilyStore.java:385 - Initializing system_auth.resource_role_permissons_index
INFO  [main] 2021-10-05 18:13:26,714 ColumnFamilyStore.java:385 - Initializing system_auth.role_members
INFO  [main] 2021-10-05 18:13:26,729 ColumnFamilyStore.java:385 - Initializing system_auth.role_permissions
INFO  [main] 2021-10-05 18:13:26,742 ColumnFamilyStore.java:385 - Initializing system_auth.roles
INFO  [SSTableBatchOpen:1] 2021-10-05 18:13:26,757 SSTableReaderBuilder.java:351 - Opening /var/lib/cassandra/data/system_auth/roles-5bc52802de2535edaeab188eecebb090/nb-1-big (0.100KiB)
INFO  [main] 2021-10-05 18:13:26,785 Keyspace.java:386 - Creating replication strategy system_distributed params KeyspaceParams{durable_writes=true, replication=ReplicationParams{class=org.apache.cassandra.locator.SimpleStrategy, replication_factor=3}}
INFO  [main] 2021-10-05 18:13:26,791 ColumnFamilyStore.java:385 - Initializing system_distributed.parent_repair_history
INFO  [main] 2021-10-05 18:13:26,812 ColumnFamilyStore.java:385 - Initializing system_distributed.repair_history
INFO  [main] 2021-10-05 18:13:26,827 ColumnFamilyStore.java:385 - Initializing system_distributed.view_build_status
INFO  [main] 2021-10-05 18:13:26,847 Keyspace.java:386 - Creating replication strategy system_traces params KeyspaceParams{durable_writes=true, replication=ReplicationParams{class=org.apache.cassandra.locator.SimpleStrategy, replication_factor=2}}
INFO  [main] 2021-10-05 18:13:26,865 ColumnFamilyStore.java:385 - Initializing system_traces.events
INFO  [main] 2021-10-05 18:13:26,915 ColumnFamilyStore.java:385 - Initializing system_traces.sessions
INFO  [pool-3-thread-1] 2021-10-05 18:13:26,964 AutoSavingCache.java:201 - reading saved cache /opt/cassandra/data/saved_caches/KeyCache-f.db
INFO  [pool-3-thread-1] 2021-10-05 18:13:26,984 AutoSavingCache.java:177 - Completed loading (37 ms; 12 keys) KeyCache cache
INFO  [main] 2021-10-05 18:13:27,010 CommitLog.java:173 - Replaying /opt/cassandra/data/commitlog/CommitLog-7-1633365843601.log
INFO  [main] 2021-10-05 18:13:27,067 CommitLogReader.java:256 - Finished reading /opt/cassandra/data/commitlog/CommitLog-7-1633365843601.log
INFO  [main] 2021-10-05 18:13:27,075 CommitLog.java:175 - Log replay complete, 0 replayed mutations
INFO  [main] 2021-10-05 18:13:27,076 StorageService.java:836 - Populating token metadata from system tables
INFO  [main] 2021-10-05 18:13:27,083 StorageService.java:830 - Token metadata: Normal Tokens:
/172.30.0.3:7000:[-7997493016317077312, -7019347563800963236, -5240713262977376107, -4144671362742437818, -3053374252050225558, -2208997604559063802, -768729374656480563, 302771241683552249, 1320622646425979264, 2138294579038330059, 3214050460263909598, 3949966152974803239, 5029338960422404897, 6272858966102996869, 7240223209181532368, 8830227761695431006]

INFO  [main] 2021-10-05 18:13:27,347 ColumnFamilyStore.java:2242 - Truncating system.size_estimates
INFO  [main] 2021-10-05 18:13:27,452 ColumnFamilyStore.java:2279 - Truncating system.size_estimates with truncatedAt=1633457607354
INFO  [main] 2021-10-05 18:13:27,542 ColumnFamilyStore.java:2731 - Truncation is dropping 2 sstables and keeping 0 due to sstable.maxDataAge > truncatedAt
INFO  [main] 2021-10-05 18:13:27,614 ColumnFamilyStore.java:878 - Enqueuing flush of local: 2.199KiB (0%) on-heap, 0.000KiB (0%) off-heap
INFO  [NonPeriodicTasks:1] 2021-10-05 18:13:27,617 LogTransaction.java:240 - Unfinished transaction log, deleting /var/lib/cassandra/data/system/size_estimates-618f817b005f3678b8a453f3930b8e86/nb-18-big-Data.db 
INFO  [NonPeriodicTasks:1] 2021-10-05 18:13:27,622 SSTable.java:111 - Deleting sstable: /var/lib/cassandra/data/system/size_estimates-618f817b005f3678b8a453f3930b8e86/nb-18-big
INFO  [NonPeriodicTasks:1] 2021-10-05 18:13:27,627 FileUtils.java:545 - Deleting file during startup: /var/lib/cassandra/data/system/size_estimates-618f817b005f3678b8a453f3930b8e86/nb-18-big-Summary.db
INFO  [NonPeriodicTasks:1] 2021-10-05 18:13:27,637 LogTransaction.java:240 - Unfinished transaction log, deleting /var/lib/cassandra/data/system/size_estimates-618f817b005f3678b8a453f3930b8e86/nb-17-big-Data.db 
INFO  [NonPeriodicTasks:1] 2021-10-05 18:13:27,643 SSTable.java:111 - Deleting sstable: /var/lib/cassandra/data/system/size_estimates-618f817b005f3678b8a453f3930b8e86/nb-17-big
INFO  [NonPeriodicTasks:1] 2021-10-05 18:13:27,654 FileUtils.java:545 - Deleting file during startup: /var/lib/cassandra/data/system/size_estimates-618f817b005f3678b8a453f3930b8e86/nb-17-big-Summary.db
INFO  [NonPeriodicTasks:1] 2021-10-05 18:13:27,663 LogTransaction.java:240 - Unfinished transaction log, deleting /var/lib/cassandra/data/system/size_estimates-618f817b005f3678b8a453f3930b8e86/nb_txn_unknowncompactiontype_f009e690-2607-11ec-83a1-c13bf440654b.log 
INFO  [PerDiskMemtableFlushWriter_0:1] 2021-10-05 18:13:27,706 Memtable.java:469 - Writing Memtable-local@199830488(0.429KiB serialized bytes, 3 ops, 0%/0% of on/off-heap limit), flushed range = (min(-9223372036854775808), max(9223372036854775807)]
INFO  [PerDiskMemtableFlushWriter_0:1] 2021-10-05 18:13:27,712 Memtable.java:498 - Completed flushing /var/lib/cassandra/data/system/local-7ad54392bcdd35a684174e047860b377/nb-65-big-Data.db (0.224KiB) for commitlog position CommitLogPosition(segmentId=1633457598559, position=31288)
INFO  [MemtableFlushWriter:1] 2021-10-05 18:13:27,770 LogTransaction.java:240 - Unfinished transaction log, deleting /var/lib/cassandra/data/system/local-7ad54392bcdd35a684174e047860b377/nb_txn_flush_f015cd70-2607-11ec-83a1-c13bf440654b.log 
INFO  [main] 2021-10-05 18:13:27,789 ColumnFamilyStore.java:2306 - Truncate of system.size_estimates is complete
INFO  [main] 2021-10-05 18:13:27,790 ColumnFamilyStore.java:2242 - Truncating system.table_estimates
INFO  [main] 2021-10-05 18:13:27,792 ColumnFamilyStore.java:2279 - Truncating system.table_estimates with truncatedAt=1633457607792
INFO  [main] 2021-10-05 18:13:27,869 ColumnFamilyStore.java:2731 - Truncation is dropping 2 sstables and keeping 0 due to sstable.maxDataAge > truncatedAt
INFO  [NonPeriodicTasks:1] 2021-10-05 18:13:27,895 LogTransaction.java:240 - Unfinished transaction log, deleting /var/lib/cassandra/data/system/table_estimates-176c39cdb93d33a5a2188eb06a56f66e/nb-18-big-Data.db 
INFO  [NonPeriodicTasks:1] 2021-10-05 18:13:27,904 SSTable.java:111 - Deleting sstable: /var/lib/cassandra/data/system/table_estimates-176c39cdb93d33a5a2188eb06a56f66e/nb-18-big
INFO  [NonPeriodicTasks:1] 2021-10-05 18:13:27,911 FileUtils.java:545 - Deleting file during startup: /var/lib/cassandra/data/system/table_estimates-176c39cdb93d33a5a2188eb06a56f66e/nb-18-big-Summary.db
INFO  [NonPeriodicTasks:1] 2021-10-05 18:13:27,916 LogTransaction.java:240 - Unfinished transaction log, deleting /var/lib/cassandra/data/system/table_estimates-176c39cdb93d33a5a2188eb06a56f66e/nb-17-big-Data.db 
INFO  [main] 2021-10-05 18:13:27,917 ColumnFamilyStore.java:878 - Enqueuing flush of local: 0.576KiB (0%) on-heap, 0.000KiB (0%) off-heap
INFO  [NonPeriodicTasks:1] 2021-10-05 18:13:27,921 SSTable.java:111 - Deleting sstable: /var/lib/cassandra/data/system/table_estimates-176c39cdb93d33a5a2188eb06a56f66e/nb-17-big
INFO  [NonPeriodicTasks:1] 2021-10-05 18:13:27,927 FileUtils.java:545 - Deleting file during startup: /var/lib/cassandra/data/system/table_estimates-176c39cdb93d33a5a2188eb06a56f66e/nb-17-big-Summary.db
INFO  [NonPeriodicTasks:1] 2021-10-05 18:13:27,931 LogTransaction.java:240 - Unfinished transaction log, deleting /var/lib/cassandra/data/system/table_estimates-176c39cdb93d33a5a2188eb06a56f66e/nb_txn_unknowncompactiontype_f03b7de0-2607-11ec-83a1-c13bf440654b.log 
INFO  [PerDiskMemtableFlushWriter_0:2] 2021-10-05 18:13:27,959 Memtable.java:469 - Writing Memtable-local@1795546675(0.091KiB serialized bytes, 1 ops, 0%/0% of on/off-heap limit), flushed range = (min(-9223372036854775808), max(9223372036854775807)]
INFO  [PerDiskMemtableFlushWriter_0:2] 2021-10-05 18:13:27,961 Memtable.java:498 - Completed flushing /var/lib/cassandra/data/system/local-7ad54392bcdd35a684174e047860b377/nb-66-big-Data.db (0.063KiB) for commitlog position CommitLogPosition(segmentId=1633457598559, position=31644)
INFO  [MemtableFlushWriter:2] 2021-10-05 18:13:27,991 LogTransaction.java:240 - Unfinished transaction log, deleting /var/lib/cassandra/data/system/local-7ad54392bcdd35a684174e047860b377/nb_txn_flush_f0431f00-2607-11ec-83a1-c13bf440654b.log 
INFO  [main] 2021-10-05 18:13:28,000 ColumnFamilyStore.java:2306 - Truncate of system.table_estimates is complete
INFO  [main] 2021-10-05 18:13:28,008 QueryProcessor.java:150 - Preloaded 0 prepared statements
INFO  [main] 2021-10-05 18:13:28,009 StorageService.java:734 - Cassandra version: 4.0.1
INFO  [main] 2021-10-05 18:13:28,010 StorageService.java:735 - CQL version: 3.4.5
INFO  [main] 2021-10-05 18:13:28,011 StorageService.java:736 - Native protocol supported versions: 3/v3, 4/v4, 5/v5, 6/v6-beta (default: 5/v5)
INFO  [main] 2021-10-05 18:13:28,080 IndexSummaryManager.java:84 - Initializing index summary manager with a memory pool size of 121 MB and a resize interval of 60 minutes
INFO  [main] 2021-10-05 18:13:28,083 StorageService.java:753 - Loading persisted ring state
INFO  [main] 2021-10-05 18:13:28,083 StorageService.java:836 - Populating token metadata from system tables
INFO  [main] 2021-10-05 18:13:28,269 InboundConnectionInitiator.java:127 - Listening on address: (/172.30.0.3:7000), nic: eth0, encryption: unencrypted
INFO  [main] 2021-10-05 18:13:28,383 StorageService.java:651 - Unable to gossip with any peers but continuing anyway since node is in its own seed list
INFO  [main] 2021-10-05 18:13:28,404 StorageService.java:958 - Starting up server gossip
INFO  [main] 2021-10-05 18:13:28,431 ColumnFamilyStore.java:878 - Enqueuing flush of local: 0.459KiB (0%) on-heap, 0.000KiB (0%) off-heap
INFO  [PerDiskMemtableFlushWriter_0:1] 2021-10-05 18:13:28,469 Memtable.java:469 - Writing Memtable-local@544401700(0.048KiB serialized bytes, 1 ops, 0%/0% of on/off-heap limit), flushed range = (min(-9223372036854775808), max(9223372036854775807)]
INFO  [PerDiskMemtableFlushWriter_0:1] 2021-10-05 18:13:28,472 Memtable.java:498 - Completed flushing /var/lib/cassandra/data/system/local-7ad54392bcdd35a684174e047860b377/nb-67-big-Data.db (0.028KiB) for commitlog position CommitLogPosition(segmentId=1633457598559, position=31725)
INFO  [MemtableFlushWriter:1] 2021-10-05 18:13:28,504 LogTransaction.java:240 - Unfinished transaction log, deleting /var/lib/cassandra/data/system/local-7ad54392bcdd35a684174e047860b377/nb_txn_flush_f0916610-2607-11ec-83a1-c13bf440654b.log 
INFO  [main] 2021-10-05 18:13:28,564 TokenMetadata.java:505 - Updating topology for /172.30.0.3:7000
INFO  [main] 2021-10-05 18:13:28,566 TokenMetadata.java:505 - Updating topology for /172.30.0.3:7000
INFO  [main] 2021-10-05 18:13:28,666 StorageService.java:1070 - Using saved tokens [-2208997604559063802, -3053374252050225558, -4144671362742437818, -5240713262977376107, -7019347563800963236, -768729374656480563, -7997493016317077312, 1320622646425979264, 2138294579038330059, 302771241683552249, 3214050460263909598, 3949966152974803239, 5029338960422404897, 6272858966102996869, 7240223209181532368, 8830227761695431006]
INFO  [main] 2021-10-05 18:13:28,689 StorageService.java:1619 - JOINING: Finish joining ring
INFO  [main] 2021-10-05 18:13:28,704 StorageService.java:2769 - Node /172.30.0.3:7000 state jump to NORMAL
INFO  [main] 2021-10-05 18:13:28,716 StorageService.java:2769 - Node /172.30.0.3:7000 state jump to NORMAL
INFO  [main] 2021-10-05 18:13:28,728 Gossiper.java:2175 - Waiting for gossip to settle...
INFO  [main] 2021-10-05 18:13:36,730 Gossiper.java:2206 - No gossip backlog; proceeding
INFO  [CompactionExecutor:2] 2021-10-05 18:13:36,780 CompactionTask.java:150 - Compacting (f588c2d0-2607-11ec-83a1-c13bf440654b) [/var/lib/cassandra/data/system/sstable_activity-5a1ff267ace03f128563cfae6103c65e/nb-17-big-Data.db:level=0, /var/lib/cassandra/data/system/sstable_activity-5a1ff267ace03f128563cfae6103c65e/nb-16-big-Data.db:level=0, /var/lib/cassandra/data/system/sstable_activity-5a1ff267ace03f128563cfae6103c65e/nb-15-big-Data.db:level=0, /var/lib/cassandra/data/system/sstable_activity-5a1ff267ace03f128563cfae6103c65e/nb-14-big-Data.db:level=0, ]
INFO  [CompactionExecutor:1] 2021-10-05 18:13:36,781 CompactionTask.java:150 - Compacting (f588c2d1-2607-11ec-83a1-c13bf440654b) [/var/lib/cassandra/data/system/local-7ad54392bcdd35a684174e047860b377/nb-67-big-Data.db:level=0, /var/lib/cassandra/data/system/local-7ad54392bcdd35a684174e047860b377/nb-64-big-Data.db:level=0, /var/lib/cassandra/data/system/local-7ad54392bcdd35a684174e047860b377/nb-66-big-Data.db:level=0, /var/lib/cassandra/data/system/local-7ad54392bcdd35a684174e047860b377/nb-65-big-Data.db:level=0, /var/lib/cassandra/data/system/local-7ad54392bcdd35a684174e047860b377/nb-63-big-Data.db:level=0, ]
INFO  [main] 2021-10-05 18:13:36,815 NativeTransportService.java:130 - Using Netty Version: [netty-buffer=netty-buffer-4.1.58.Final.10b03e6, netty-codec=netty-codec-4.1.58.Final.10b03e6, netty-codec-dns=netty-codec-dns-4.1.58.Final.10b03e6, netty-codec-haproxy=netty-codec-haproxy-4.1.58.Final.10b03e6, netty-codec-http=netty-codec-http-4.1.58.Final.10b03e6, netty-codec-http2=netty-codec-http2-4.1.58.Final.10b03e6, netty-codec-memcache=netty-codec-memcache-4.1.58.Final.10b03e6, netty-codec-mqtt=netty-codec-mqtt-4.1.58.Final.10b03e6, netty-codec-redis=netty-codec-redis-4.1.58.Final.10b03e6, netty-codec-smtp=netty-codec-smtp-4.1.58.Final.10b03e6, netty-codec-socks=netty-codec-socks-4.1.58.Final.10b03e6, netty-codec-stomp=netty-codec-stomp-4.1.58.Final.10b03e6, netty-codec-xml=netty-codec-xml-4.1.58.Final.10b03e6, netty-common=netty-common-4.1.58.Final.10b03e6, netty-handler=netty-handler-4.1.58.Final.10b03e6, netty-handler-proxy=netty-handler-proxy-4.1.58.Final.10b03e6, netty-resolver=netty-resolver-4.1.58.Final.10b03e6, netty-resolver-dns=netty-resolver-dns-4.1.58.Final.10b03e6, netty-resolver-dns-native-macos=netty-resolver-dns-native-macos-4.1.58.Final.10b03e65f1, netty-transport=netty-transport-4.1.58.Final.10b03e6, netty-transport-native-epoll=netty-transport-native-epoll-4.1.58.Final.10b03e6, netty-transport-native-kqueue=netty-transport-native-kqueue-4.1.58.Final.10b03e65f1, netty-transport-native-unix-common=netty-transport-native-unix-common-4.1.58.Final.10b03e6, netty-transport-rxtx=netty-transport-rxtx-4.1.58.Final.10b03e6, netty-transport-sctp=netty-transport-sctp-4.1.58.Final.10b03e6, netty-transport-udt=netty-transport-udt-4.1.58.Final.10b03e6]
INFO  [main] 2021-10-05 18:13:36,868 NativeTransportService.java:68 - Netty using native Epoll event loop
INFO  [main] 2021-10-05 18:13:37,007 PipelineConfigurator.java:124 - Using Netty Version: [netty-buffer=netty-buffer-4.1.58.Final.10b03e6, netty-codec=netty-codec-4.1.58.Final.10b03e6, netty-codec-dns=netty-codec-dns-4.1.58.Final.10b03e6, netty-codec-haproxy=netty-codec-haproxy-4.1.58.Final.10b03e6, netty-codec-http=netty-codec-http-4.1.58.Final.10b03e6, netty-codec-http2=netty-codec-http2-4.1.58.Final.10b03e6, netty-codec-memcache=netty-codec-memcache-4.1.58.Final.10b03e6, netty-codec-mqtt=netty-codec-mqtt-4.1.58.Final.10b03e6, netty-codec-redis=netty-codec-redis-4.1.58.Final.10b03e6, netty-codec-smtp=netty-codec-smtp-4.1.58.Final.10b03e6, netty-codec-socks=netty-codec-socks-4.1.58.Final.10b03e6, netty-codec-stomp=netty-codec-stomp-4.1.58.Final.10b03e6, netty-codec-xml=netty-codec-xml-4.1.58.Final.10b03e6, netty-common=netty-common-4.1.58.Final.10b03e6, netty-handler=netty-handler-4.1.58.Final.10b03e6, netty-handler-proxy=netty-handler-proxy-4.1.58.Final.10b03e6, netty-resolver=netty-resolver-4.1.58.Final.10b03e6, netty-resolver-dns=netty-resolver-dns-4.1.58.Final.10b03e6, netty-resolver-dns-native-macos=netty-resolver-dns-native-macos-4.1.58.Final.10b03e65f1, netty-transport=netty-transport-4.1.58.Final.10b03e6, netty-transport-native-epoll=netty-transport-native-epoll-4.1.58.Final.10b03e6, netty-transport-native-kqueue=netty-transport-native-kqueue-4.1.58.Final.10b03e65f1, netty-transport-native-unix-common=netty-transport-native-unix-common-4.1.58.Final.10b03e6, netty-transport-rxtx=netty-transport-rxtx-4.1.58.Final.10b03e6, netty-transport-sctp=netty-transport-sctp-4.1.58.Final.10b03e6, netty-transport-udt=netty-transport-udt-4.1.58.Final.10b03e6]
INFO  [main] 2021-10-05 18:13:37,012 PipelineConfigurator.java:125 - Starting listening for CQL clients on /0.0.0.0:9042 (unencrypted)...
INFO  [NonPeriodicTasks:1] 2021-10-05 18:13:37,035 SSTable.java:111 - Deleting sstable: /var/lib/cassandra/data/system/local-7ad54392bcdd35a684174e047860b377/nb-67-big
INFO  [CompactionExecutor:1] 2021-10-05 18:13:37,052 CompactionTask.java:245 - Compacted (f588c2d1-2607-11ec-83a1-c13bf440654b) 5 sstables to [/var/lib/cassandra/data/system/local-7ad54392bcdd35a684174e047860b377/nb-68-big,] to level=0.  1.040KiB to 0.667KiB (~64% of original) in 221ms.  Read Throughput = 4.699KiB/s, Write Throughput = 3.014KiB/s, Row Throughput = ~2/s.  5 total partitions merged to 1.  Partition merge counts were {5:1, }
INFO  [CompactionExecutor:2] 2021-10-05 18:13:37,055 CompactionTask.java:245 - Compacted (f588c2d0-2607-11ec-83a1-c13bf440654b) 4 sstables to [/var/lib/cassandra/data/system/sstable_activity-5a1ff267ace03f128563cfae6103c65e/nb-18-big,] to level=0.  1.310KiB to 0.081KiB (~6% of original) in 232ms.  Read Throughput = 5.622KiB/s, Write Throughput = 0.348KiB/s, Row Throughput = ~64/s.  66 total partitions merged to 1.  Partition merge counts were {1:62, 4:1, }
INFO  [main] 2021-10-05 18:13:37,057 CassandraDaemon.java:780 - Startup complete
INFO  [NonPeriodicTasks:1] 2021-10-05 18:13:37,058 SSTable.java:111 - Deleting sstable: /var/lib/cassandra/data/system/local-7ad54392bcdd35a684174e047860b377/nb-64-big
INFO  [NonPeriodicTasks:1] 2021-10-05 18:13:37,074 SSTable.java:111 - Deleting sstable: /var/lib/cassandra/data/system/local-7ad54392bcdd35a684174e047860b377/nb-66-big
INFO  [NonPeriodicTasks:1] 2021-10-05 18:13:37,087 SSTable.java:111 - Deleting sstable: /var/lib/cassandra/data/system/local-7ad54392bcdd35a684174e047860b377/nb-65-big
INFO  [NonPeriodicTasks:1] 2021-10-05 18:13:37,101 SSTable.java:111 - Deleting sstable: /var/lib/cassandra/data/system/local-7ad54392bcdd35a684174e047860b377/nb-63-big
INFO  [NonPeriodicTasks:1] 2021-10-05 18:13:37,119 SSTable.java:111 - Deleting sstable: /var/lib/cassandra/data/system/sstable_activity-5a1ff267ace03f128563cfae6103c65e/nb-17-big
INFO  [NonPeriodicTasks:1] 2021-10-05 18:13:37,132 SSTable.java:111 - Deleting sstable: /var/lib/cassandra/data/system/sstable_activity-5a1ff267ace03f128563cfae6103c65e/nb-16-big
INFO  [NonPeriodicTasks:1] 2021-10-05 18:13:37,143 SSTable.java:111 - Deleting sstable: /var/lib/cassandra/data/system/sstable_activity-5a1ff267ace03f128563cfae6103c65e/nb-15-big
INFO  [NonPeriodicTasks:1] 2021-10-05 18:13:37,154 SSTable.java:111 - Deleting sstable: /var/lib/cassandra/data/system/sstable_activity-5a1ff267ace03f128563cfae6103c65e/nb-14-big
INFO  [Service Thread] 2021-10-05 18:16:41,321 GCInspector.java:299 - ParNew GC in 540ms.  CMS Old Gen: 0 -> 12116216; Par Eden Space: 521797632 -> 0; Par Survivor Space: 12409056 -> 42042856
INFO  [StorageServiceShutdownHook] 2021-10-05 18:17:18,259 HintsService.java:220 - Paused hints dispatch
INFO  [StorageServiceShutdownHook] 2021-10-05 18:17:18,268 Server.java:171 - Stop listening for CQL clients
INFO  [StorageServiceShutdownHook] 2021-10-05 18:17:18,270 Gossiper.java:1984 - Announcing shutdown
INFO  [StorageServiceShutdownHook] 2021-10-05 18:17:18,272 StorageService.java:2769 - Node /172.30.0.3:7000 state jump to shutdown
INFO  [StorageServiceShutdownHook] 2021-10-05 18:17:18,274 StorageService.java:2769 - Node /172.30.0.3:7000 state jump to shutdown
INFO  [StorageServiceShutdownHook] 2021-10-05 18:17:20,281 MessagingService.java:441 - Waiting for messaging service to quiesce
INFO  [StorageServiceShutdownHook] 2021-10-05 18:17:22,333 ColumnFamilyStore.java:878 - Enqueuing flush of compaction_history: 2.343KiB (0%) on-heap, 0.000KiB (0%) off-heap
INFO  [StorageServiceShutdownHook] 2021-10-05 18:17:22,336 ColumnFamilyStore.java:878 - Enqueuing flush of size_estimates: 93.353KiB (0%) on-heap, 0.000KiB (0%) off-heap
INFO  [StorageServiceShutdownHook] 2021-10-05 18:17:22,339 ColumnFamilyStore.java:878 - Enqueuing flush of table_estimates: 207.931KiB (0%) on-heap, 0.000KiB (0%) off-heap
INFO  [StorageServiceShutdownHook] 2021-10-05 18:17:22,342 ColumnFamilyStore.java:878 - Enqueuing flush of local: 0.471KiB (0%) on-heap, 0.000KiB (0%) off-heap
INFO  [StorageServiceShutdownHook] 2021-10-05 18:17:22,348 ColumnFamilyStore.java:878 - Enqueuing flush of sstable_activity: 4.192KiB (0%) on-heap, 0.000KiB (0%) off-heap
INFO  [StorageServiceShutdownHook] 2021-10-05 18:17:22,352 ColumnFamilyStore.java:878 - Enqueuing flush of prepared_statements: 1.882KiB (0%) on-heap, 0.000KiB (0%) off-heap
INFO  [StorageServiceShutdownHook] 2021-10-05 18:17:22,354 ColumnFamilyStore.java:878 - Enqueuing flush of columns: 156.668KiB (0%) on-heap, 0.000KiB (0%) off-heap
INFO  [StorageServiceShutdownHook] 2021-10-05 18:17:22,364 ColumnFamilyStore.java:878 - Enqueuing flush of types: 0.513KiB (0%) on-heap, 0.000KiB (0%) off-heap
INFO  [StorageServiceShutdownHook] 2021-10-05 18:17:22,368 ColumnFamilyStore.java:878 - Enqueuing flush of indexes: 0.513KiB (0%) on-heap, 0.000KiB (0%) off-heap
INFO  [StorageServiceShutdownHook] 2021-10-05 18:17:22,371 ColumnFamilyStore.java:878 - Enqueuing flush of keyspaces: 1.317KiB (0%) on-heap, 0.000KiB (0%) off-heap
INFO  [PerDiskMemtableFlushWriter_0:3] 2021-10-05 18:17:22,371 Memtable.java:469 - Writing Memtable-compaction_history@922817305(0.413KiB serialized bytes, 2 ops, 0%/0% of on/off-heap limit), flushed range = (min(-9223372036854775808), max(9223372036854775807)]
INFO  [StorageServiceShutdownHook] 2021-10-05 18:17:22,373 ColumnFamilyStore.java:878 - Enqueuing flush of dropped_columns: 1.081KiB (0%) on-heap, 0.000KiB (0%) off-heap
INFO  [PerDiskMemtableFlushWriter_0:3] 2021-10-05 18:17:22,374 Memtable.java:498 - Completed flushing /var/lib/cassandra/data/system/compaction_history-b4dbb7b4dc493fb5b3bfce6e434832ca/nb-19-big-Data.db (0.221KiB) for commitlog position CommitLogPosition(segmentId=1633457598559, position=81605)
INFO  [StorageServiceShutdownHook] 2021-10-05 18:17:22,376 ColumnFamilyStore.java:878 - Enqueuing flush of aggregates: 0.513KiB (0%) on-heap, 0.000KiB (0%) off-heap
INFO  [PerDiskMemtableFlushWriter_0:4] 2021-10-05 18:17:22,377 Memtable.java:469 - Writing Memtable-size_estimates@1229001489(20.361KiB serialized bytes, 180 ops, 0%/0% of on/off-heap limit), flushed range = (min(-9223372036854775808), max(9223372036854775807)]
INFO  [StorageServiceShutdownHook] 2021-10-05 18:17:22,378 ColumnFamilyStore.java:878 - Enqueuing flush of triggers: 0.513KiB (0%) on-heap, 0.000KiB (0%) off-heap
INFO  [StorageServiceShutdownHook] 2021-10-05 18:17:22,380 ColumnFamilyStore.java:878 - Enqueuing flush of tables: 69.004KiB (0%) on-heap, 0.000KiB (0%) off-heap
INFO  [StorageServiceShutdownHook] 2021-10-05 18:17:22,383 ColumnFamilyStore.java:878 - Enqueuing flush of views: 0.513KiB (0%) on-heap, 0.000KiB (0%) off-heap
INFO  [StorageServiceShutdownHook] 2021-10-05 18:17:22,384 ColumnFamilyStore.java:878 - Enqueuing flush of functions: 0.513KiB (0%) on-heap, 0.000KiB (0%) off-heap
INFO  [PerDiskMemtableFlushWriter_0:4] 2021-10-05 18:17:22,387 Memtable.java:498 - Completed flushing /var/lib/cassandra/data/system/size_estimates-618f817b005f3678b8a453f3930b8e86/nb-19-big-Data.db (14.084KiB) for commitlog position CommitLogPosition(segmentId=1633457598559, position=81605)
INFO  [PerDiskMemtableFlushWriter_0:3] 2021-10-05 18:17:22,447 Memtable.java:469 - Writing Memtable-table_estimates@969337737(44.020KiB serialized bytes, 360 ops, 0%/0% of on/off-heap limit), flushed range = (min(-9223372036854775808), max(9223372036854775807)]
INFO  [PerDiskMemtableFlushWriter_0:4] 2021-10-05 18:17:22,459 Memtable.java:469 - Writing Memtable-local@1193524271(0.060KiB serialized bytes, 1 ops, 0%/0% of on/off-heap limit), flushed range = (min(-9223372036854775808), max(9223372036854775807)]
INFO  [PerDiskMemtableFlushWriter_0:4] 2021-10-05 18:17:22,460 Memtable.java:498 - Completed flushing /var/lib/cassandra/data/system/local-7ad54392bcdd35a684174e047860b377/nb-69-big-Data.db (0.040KiB) for commitlog position CommitLogPosition(segmentId=1633457598559, position=81605)
INFO  [PerDiskMemtableFlushWriter_0:3] 2021-10-05 18:17:22,464 Memtable.java:498 - Completed flushing /var/lib/cassandra/data/system/table_estimates-176c39cdb93d33a5a2188eb06a56f66e/nb-19-big-Data.db (32.146KiB) for commitlog position CommitLogPosition(segmentId=1633457598559, position=81605)
INFO  [PerDiskMemtableFlushWriter_0:4] 2021-10-05 18:17:22,581 Memtable.java:469 - Writing Memtable-sstable_activity@930589742(0.185KiB serialized bytes, 14 ops, 0%/0% of on/off-heap limit), flushed range = (min(-9223372036854775808), max(9223372036854775807)]
INFO  [PerDiskMemtableFlushWriter_0:3] 2021-10-05 18:17:22,582 Memtable.java:469 - Writing Memtable-prepared_statements@1039759465(0.382KiB serialized bytes, 3 ops, 0%/0% of on/off-heap limit), flushed range = (min(-9223372036854775808), max(9223372036854775807)]
INFO  [PerDiskMemtableFlushWriter_0:4] 2021-10-05 18:17:22,583 Memtable.java:498 - Completed flushing /var/lib/cassandra/data/system/sstable_activity-5a1ff267ace03f128563cfae6103c65e/nb-19-big-Data.db (0.646KiB) for commitlog position CommitLogPosition(segmentId=1633457598559, position=81605)
INFO  [PerDiskMemtableFlushWriter_0:3] 2021-10-05 18:17:22,584 Memtable.java:498 - Completed flushing /var/lib/cassandra/data/system/prepared_statements-18a9c2576a0c3841ba718cd529849fef/nb-1-big-Data.db (0.323KiB) for commitlog position CommitLogPosition(segmentId=1633457598559, position=81605)
INFO  [PerDiskMemtableFlushWriter_0:4] 2021-10-05 18:17:22,671 Memtable.java:469 - Writing Memtable-types@1057333457(0.016KiB serialized bytes, 2 ops, 0%/0% of on/off-heap limit), flushed range = (min(-9223372036854775808), max(9223372036854775807)]
INFO  [PerDiskMemtableFlushWriter_0:4] 2021-10-05 18:17:22,672 Memtable.java:498 - Completed flushing /var/lib/cassandra/data/system_schema/types-5a8b1ca866023f77a0459273d308917a/nb-18-big-Data.db (0.048KiB) for commitlog position CommitLogPosition(segmentId=1633457598559, position=81605)
INFO  [PerDiskMemtableFlushWriter_0:3] 2021-10-05 18:17:22,674 Memtable.java:469 - Writing Memtable-columns@2029773234(32.921KiB serialized bytes, 218 ops, 0%/0% of on/off-heap limit), flushed range = (min(-9223372036854775808), max(9223372036854775807)]
INFO  [PerDiskMemtableFlushWriter_0:3] 2021-10-05 18:17:22,676 Memtable.java:498 - Completed flushing /var/lib/cassandra/data/system_schema/columns-24101c25a2ae3af787c1b40ee1aca33f/nb-18-big-Data.db (15.023KiB) for commitlog position CommitLogPosition(segmentId=1633457598559, position=81605)
INFO  [PerDiskMemtableFlushWriter_0:4] 2021-10-05 18:17:22,724 Memtable.java:469 - Writing Memtable-indexes@1720979773(0.016KiB serialized bytes, 2 ops, 0%/0% of on/off-heap limit), flushed range = (min(-9223372036854775808), max(9223372036854775807)]
INFO  [PerDiskMemtableFlushWriter_0:3] 2021-10-05 18:17:22,724 Memtable.java:469 - Writing Memtable-keyspaces@1197325423(0.236KiB serialized bytes, 4 ops, 0%/0% of on/off-heap limit), flushed range = (min(-9223372036854775808), max(9223372036854775807)]
INFO  [PerDiskMemtableFlushWriter_0:4] 2021-10-05 18:17:22,725 Memtable.java:498 - Completed flushing /var/lib/cassandra/data/system_schema/indexes-0feb57ac311f382fba6d9024d305702f/nb-18-big-Data.db (0.048KiB) for commitlog position CommitLogPosition(segmentId=1633457598559, position=81605)
INFO  [PerDiskMemtableFlushWriter_0:3] 2021-10-05 18:17:22,726 Memtable.java:498 - Completed flushing /var/lib/cassandra/data/system_schema/keyspaces-abac5682dea631c5b535b3d6cffd0fb6/nb-18-big-Data.db (0.179KiB) for commitlog position CommitLogPosition(segmentId=1633457598559, position=81605)
INFO  [PerDiskMemtableFlushWriter_0:4] 2021-10-05 18:17:22,772 Memtable.java:469 - Writing Memtable-dropped_columns@1015814916(0.120KiB serialized bytes, 3 ops, 0%/0% of on/off-heap limit), flushed range = (min(-9223372036854775808), max(9223372036854775807)]
INFO  [PerDiskMemtableFlushWriter_0:4] 2021-10-05 18:17:22,774 Memtable.java:498 - Completed flushing /var/lib/cassandra/data/system_schema/dropped_columns-5e7583b5f3f43af19a39b7e1d6f5f11f/nb-18-big-Data.db (0.097KiB) for commitlog position CommitLogPosition(segmentId=1633457598559, position=81605)
INFO  [PerDiskMemtableFlushWriter_0:3] 2021-10-05 18:17:22,774 Memtable.java:469 - Writing Memtable-aggregates@1229561262(0.016KiB serialized bytes, 2 ops, 0%/0% of on/off-heap limit), flushed range = (min(-9223372036854775808), max(9223372036854775807)]
INFO  [PerDiskMemtableFlushWriter_0:3] 2021-10-05 18:17:22,776 Memtable.java:498 - Completed flushing /var/lib/cassandra/data/system_schema/aggregates-924c55872e3a345bb10c12f37c1ba895/nb-18-big-Data.db (0.048KiB) for commitlog position CommitLogPosition(segmentId=1633457598559, position=81605)
INFO  [PerDiskMemtableFlushWriter_0:4] 2021-10-05 18:17:22,825 Memtable.java:469 - Writing Memtable-tables@907069031(21.567KiB serialized bytes, 32 ops, 0%/0% of on/off-heap limit), flushed range = (min(-9223372036854775808), max(9223372036854775807)]
INFO  [PerDiskMemtableFlushWriter_0:4] 2021-10-05 18:17:22,826 Memtable.java:498 - Completed flushing /var/lib/cassandra/data/system_schema/tables-afddfb9dbc1e30688056eed6c302ba09/nb-18-big-Data.db (13.131KiB) for commitlog position CommitLogPosition(segmentId=1633457598559, position=81605)
INFO  [PerDiskMemtableFlushWriter_0:3] 2021-10-05 18:17:22,827 Memtable.java:469 - Writing Memtable-triggers@1057332958(0.016KiB serialized bytes, 2 ops, 0%/0% of on/off-heap limit), flushed range = (min(-9223372036854775808), max(9223372036854775807)]
INFO  [PerDiskMemtableFlushWriter_0:3] 2021-10-05 18:17:22,828 Memtable.java:498 - Completed flushing /var/lib/cassandra/data/system_schema/triggers-4df70b666b05325195a132b54005fd48/nb-18-big-Data.db (0.048KiB) for commitlog position CommitLogPosition(segmentId=1633457598559, position=81605)
INFO  [PerDiskMemtableFlushWriter_0:4] 2021-10-05 18:17:22,881 Memtable.java:469 - Writing Memtable-views@604105564(0.016KiB serialized bytes, 2 ops, 0%/0% of on/off-heap limit), flushed range = (min(-9223372036854775808), max(9223372036854775807)]
INFO  [PerDiskMemtableFlushWriter_0:4] 2021-10-05 18:17:22,882 Memtable.java:498 - Completed flushing /var/lib/cassandra/data/system_schema/views-9786ac1cdd583201a7cdad556410c985/nb-18-big-Data.db (0.048KiB) for commitlog position CommitLogPosition(segmentId=1633457598559, position=81605)
INFO  [PerDiskMemtableFlushWriter_0:3] 2021-10-05 18:17:22,886 Memtable.java:469 - Writing Memtable-functions@416554749(0.016KiB serialized bytes, 2 ops, 0%/0% of on/off-heap limit), flushed range = (min(-9223372036854775808), max(9223372036854775807)]
INFO  [PerDiskMemtableFlushWriter_0:3] 2021-10-05 18:17:22,888 Memtable.java:498 - Completed flushing /var/lib/cassandra/data/system_schema/functions-96489b7980be3e14a70166a0b9159450/nb-18-big-Data.db (0.048KiB) for commitlog position CommitLogPosition(segmentId=1633457598559, position=81605)
INFO  [StorageServiceShutdownHook] 2021-10-05 18:17:22,926 HintsService.java:220 - Paused hints dispatch
